<?xml version="1.0" encoding="UTF-8"?><testsuite errors="0" failures="1" name="Busqueda de tres productos en la barra de busqueda del exito" skipped="0" tests="1" time="67.44" timestamp="2022-08-13 06:19:45"><testcase name="Buscar productos en la pagina del exito"><failure message="Expected enabled element was not enabled" type="net.thucydides.core.webdriver.exceptions.ElementShouldBeEnabledException">Expected enabled element was not enabled</failure><system-err>Expected enabled element was not enabled&#13;
com.exito.www.tasks.BuscarProductoExitoB.performAs(BuscarProductoExitoB.java:27)&#13;
com.exito.www.stepDefinitions.BusquedaBackgroundStepDefinition.quieroBuscarProductosEnLaPaginaDelExito(BusquedaBackgroundStepDefinition.java:38)&#13;
cucumber.runner.Runner.runPickle(Runner.java:80)&#13;
worker.org.gradle.process.internal.worker.GradleWorkerMain.run(GradleWorkerMain.java:69)&#13;
worker.org.gradle.process.internal.worker.GradleWorkerMain.main(GradleWorkerMain.java:74)&#13;
</system-err></testcase></testsuite>